Log file open, 03/27/18 14:06:19
LogWindows: Failed to load 'aqProf.dll' (GetLastError=126)
LogWindows: File 'aqProf.dll' does not exist
LogWindows: Failed to load 'VtuneApi.dll' (GetLastError=126)
LogWindows: File 'VtuneApi.dll' does not exist
LogWindows: Failed to load 'VtuneApi32e.dll' (GetLastError=126)
LogWindows: File 'VtuneApi32e.dll' does not exist
LogInit: Display: Running engine for game: Proteus
LogPlatformFile: Not using cached read wrapper
LogInit: Display: RandInit(1589699563) SRandInit(1589699563).
LogInit: Read version file with build ID '3709383'
LogInit: Overriding engine version to CL 3832480, compatible CL 3709383
LogInit: Registered custom module enumerator with build ID '3709383'
LogTaskGraph: Started task graph with 5 named threads and 14 total threads with 3 sets of task threads.
LogStats: Stats thread started at 3.466230
LogD3D11RHI: Aftermath initialized
LogModuleManager: Display: Found up-to-date module file ../../../Engine/Plugins/Online/OnlineSubsystemSteam/Binaries/Win64/UE4Editor-OnlineSubsystemSteam.dll (API version 3709383).
LogModuleManager: Display: Found up-to-date module file ../../../Engine/Plugins/Online/OnlineSubsystem/Binaries/Win64/UE4Editor-OnlineSubsystem.dll (API version 3709383).
LogModuleManager: Display: Found up-to-date module file ../../../Engine/Plugins/Online/OnlineSubsystemUtils/Binaries/Win64/UE4Editor-OnlineSubsystemUtils.dll (API version 3709383).
LogModuleManager: Display: Found up-to-date module file ../../../Engine/Plugins/Online/OnlineSubsystemUtils/Binaries/Win64/UE4Editor-OnlineBlueprintSupport.dll (API version 3709383).
LogModuleManager: Display: Found up-to-date module file ../../../Engine/Plugins/Online/OnlineSubsystemOculus/Binaries/Win64/UE4Editor-OnlineSubsystemOculus.dll (API version 3709383).
LogModuleManager: Display: Found up-to-date module file ../../../Engine/Plugins/Runtime/Oculus/OculusAudio/Binaries/Win64/UE4Editor-OculusAudio.dll (API version 3709383).
LogModuleManager: Display: Found up-to-date module file ../../../Engine/Plugins/2D/Paper2D/Binaries/Win64/UE4Editor-Paper2D.dll (API version 3709383).
LogModuleManager: Display: Found up-to-date module file ../../../Engine/Plugins/2D/Paper2D/Binaries/Win64/UE4Editor-Paper2DEditor.dll (API version 3709383).
LogModuleManager: Display: Found up-to-date module file ../../../Engine/Plugins/2D/Paper2D/Binaries/Win64/UE4Editor-PaperSpriteSheetImporter.dll (API version 3709383).
LogModuleManager: Display: Found up-to-date module file ../../../Engine/Plugins/2D/Paper2D/Binaries/Win64/UE4Editor-PaperTiledImporter.dll (API version 3709383).
LogModuleManager: Display: Found up-to-date module file ../../../Engine/Plugins/2D/Paper2D/Binaries/Win64/UE4Editor-SmartSnapping.dll (API version 3709383).
LogModuleManager: Display: Found up-to-date module file ../../../Engine/Plugins/Blendables/LightPropagationVolume/Binaries/Win64/UE4Editor-LightPropagationVolumeRuntime.dll (API version 3709383).
LogModuleManager: Display: Found up-to-date module file ../../../Engine/Plugins/Blendables/LightPropagationVolume/Binaries/Win64/UE4Editor-LightPropagationVolumeEditor.dll (API version 3709383).
LogModuleManager: Display: Found up-to-date module file ../../../Engine/Plugins/Developer/GitSourceControl/Binaries/Win64/UE4Editor-GitSourceControl.dll (API version 3709383).
LogModuleManager: Display: Found up-to-date module file ../../../Engine/Plugins/Developer/PerforceSourceControl/Binaries/Win64/UE4Editor-PerforceSourceControl.dll (API version 3709383).
LogModuleManager: Display: Found up-to-date module file ../../../Engine/Plugins/Developer/SubversionSourceControl/Binaries/Win64/UE4Editor-SubversionSourceControl.dll (API version 3709383).
LogModuleManager: Display: Found up-to-date module file ../../../Engine/Plugins/Developer/UObjectPlugin/Binaries/Win64/UE4Editor-UObjectPlugin.dll (API version 3709383).
LogModuleManager: Display: Found up-to-date module file ../../../Engine/Plugins/Developer/VisualStudioCodeSourceCodeAccess/Binaries/Win64/UE4Editor-VisualStudioCodeSourceCodeAccess.dll (API version 3709383).
LogModuleManager: Display: Found up-to-date module file ../../../Engine/Plugins/Developer/VisualStudioSourceCodeAccess/Binaries/Win64/UE4Editor-VisualStudioSourceCodeAccess.dll (API version 3709383).
LogModuleManager: Display: Found up-to-date module file ../../../Engine/Plugins/Editor/AssetManagerEditor/Binaries/Win64/UE4Editor-AssetManagerEditor.dll (API version 3709383).
LogModuleManager: Display: Found up-to-date module file ../../../Engine/Plugins/Editor/AudioCapture/Binaries/Win64/UE4Editor-AudioCapture.dll (API version 3709383).
LogModuleManager: Display: Found up-to-date module file ../../../Engine/Plugins/Editor/FacialAnimation/Binaries/Win64/UE4Editor-FacialAnimation.dll (API version 3709383).
LogModuleManager: Display: Found up-to-date module file ../../../Engine/Plugins/Editor/FacialAnimation/Binaries/Win64/UE4Editor-FacialAnimationEditor.dll (API version 3709383).
LogModuleManager: Display: Found up-to-date module file ../../../Engine/Plugins/Editor/GameplayTagsEditor/Binaries/Win64/UE4Editor-GameplayTagsEditor.dll (API version 3709383).
LogModuleManager: Display: Found up-to-date module file ../../../Engine/Plugins/Editor/MobileLauncherProfileWizard/Binaries/Win64/UE4Editor-MobileLauncherProfileWizard.dll (API version 3709383).
LogModuleManager: Display: Found up-to-date module file ../../../Engine/Plugins/Editor/PluginBrowser/Binaries/Win64/UE4Editor-PluginBrowser.dll (API version 3709383).
LogModuleManager: Display: Found up-to-date module file ../../../Engine/Plugins/Editor/SpeedTreeImporter/Binaries/Win64/UE4Editor-SpeedTreeImporter.dll (API version 3709383).
LogModuleManager: Display: Found up-to-date module file ../../../Engine/Plugins/Experimental/AlembicImporter/Binaries/Win64/UE4Editor-AlembicImporter.dll (API version 3709383).
LogModuleManager: Display: Found up-to-date module file ../../../Engine/Plugins/Experimental/AlembicImporter/Binaries/Win64/UE4Editor-AlembicLibrary.dll (API version 3709383).
LogModuleManager: Display: Found up-to-date module file ../../../Engine/Plugins/Experimental/CharacterAI/Binaries/Win64/UE4Editor-CharacterAI.dll (API version 3709383).
LogModuleManager: Display: Found up-to-date module file ../../../Engine/Plugins/Experimental/HTML5Networking/Binaries/Win64/UE4Editor-HTML5Networking.dll (API version 3709383).
LogModuleManager: Display: Found up-to-date module file ../../../Engine/Plugins/Media/AndroidMedia/Binaries/Win64/UE4Editor-AndroidMediaEditor.dll (API version 3709383).
LogModuleManager: Display: Found up-to-date module file ../../../Engine/Plugins/Media/AndroidMedia/Binaries/Win64/UE4Editor-AndroidMediaFactory.dll (API version 3709383).
LogModuleManager: Display: Found up-to-date module file ../../../Engine/Plugins/Media/AvfMedia/Binaries/Win64/UE4Editor-AvfMediaEditor.dll (API version 3709383).
LogModuleManager: Display: Found up-to-date module file ../../../Engine/Plugins/Media/AvfMedia/Binaries/Win64/UE4Editor-AvfMediaFactory.dll (API version 3709383).
LogModuleManager: Display: Found up-to-date module file ../../../Engine/Plugins/Media/AvfMedia/Binaries/Win64/UE4Editor-AvfMediaFactory.dll (API version 3709383).
LogModuleManager: Display: Found up-to-date module file ../../../Engine/Plugins/Media/ImgMedia/Binaries/Win64/UE4Editor-ImgMedia.dll (API version 3709383).
LogModuleManager: Display: Found up-to-date module file ../../../Engine/Plugins/Media/ImgMedia/Binaries/Win64/UE4Editor-ImgMediaEditor.dll (API version 3709383).
LogModuleManager: Display: Found up-to-date module file ../../../Engine/Plugins/Media/ImgMedia/Binaries/Win64/UE4Editor-ImgMediaFactory.dll (API version 3709383).
LogModuleManager: Display: Found up-to-date module file ../../../Engine/Plugins/Media/ImgMedia/Binaries/Win64/UE4Editor-ImgMediaFactory.dll (API version 3709383).
LogModuleManager: Display: Found up-to-date module file ../../../Engine/Plugins/Media/ImgMedia/Binaries/Win64/UE4Editor-OpenExrWrapper.dll (API version 3709383).
LogModuleManager: Display: Found up-to-date module file ../../../Engine/Plugins/Media/MediaCompositing/Binaries/Win64/UE4Editor-MediaCompositing.dll (API version 3709383).
LogModuleManager: Display: Found up-to-date module file ../../../Engine/Plugins/Media/MediaCompositing/Binaries/Win64/UE4Editor-MediaCompositingEditor.dll (API version 3709383).
LogModuleManager: Display: Found up-to-date module file ../../../Engine/Plugins/Media/MediaPlayerEditor/Binaries/Win64/UE4Editor-MediaPlayerEditor.dll (API version 3709383).
LogModuleManager: Display: Found up-to-date module file ../../../Engine/Plugins/Media/WmfMedia/Binaries/Win64/UE4Editor-WmfMedia.dll (API version 3709383).
LogModuleManager: Display: Found up-to-date module file ../../../Engine/Plugins/Media/WmfMedia/Binaries/Win64/UE4Editor-WmfMediaEditor.dll (API version 3709383).
LogModuleManager: Display: Found up-to-date module file ../../../Engine/Plugins/Media/WmfMedia/Binaries/Win64/UE4Editor-WmfMediaFactory.dll (API version 3709383).
LogModuleManager: Display: Found up-to-date module file ../../../Engine/Plugins/Media/WmfMedia/Binaries/Win64/UE4Editor-WmfMediaFactory.dll (API version 3709383).
LogModuleManager: Display: Found up-to-date module file ../../../Engine/Plugins/Messaging/TcpMessaging/Binaries/Win64/UE4Editor-TcpMessaging.dll (API version 3709383).
LogModuleManager: Display: Found up-to-date module file ../../../Engine/Plugins/Messaging/UdpMessaging/Binaries/Win64/UE4Editor-UdpMessaging.dll (API version 3709383).
LogModuleManager: Display: Found up-to-date module file ../../../Engine/Plugins/MovieScene/ActorSequence/Binaries/Win64/UE4Editor-ActorSequence.dll (API version 3709383).
LogModuleManager: Display: Found up-to-date module file ../../../Engine/Plugins/MovieScene/LevelSequenceEditor/Binaries/Win64/UE4Editor-LevelSequenceEditor.dll (API version 3709383).
LogModuleManager: Display: Found up-to-date module file ../../../Engine/Plugins/MovieScene/MatineeToLevelSequence/Binaries/Win64/UE4Editor-MatineeToLevelSequence.dll (API version 3709383).
LogModuleManager: Display: Found up-to-date module file ../../../Engine/Plugins/Online/OnlineSubsystemNull/Binaries/Win64/UE4Editor-OnlineSubsystemNull.dll (API version 3709383).
LogModuleManager: Display: Found up-to-date module file ../../../Engine/Plugins/Runtime/AndroidPermission/Binaries/Win64/UE4Editor-AndroidPermission.dll (API version 3709383).
LogModuleManager: Display: Found up-to-date module file ../../../Engine/Plugins/Runtime/AppleARKit/Binaries/Win64/UE4Editor-AppleARKit.dll (API version 3709383).
LogModuleManager: Display: Found up-to-date module file ../../../Engine/Plugins/Runtime/ArchVisCharacter/Binaries/Win64/UE4Editor-ArchVisCharacter.dll (API version 3709383).
LogModuleManager: Display: Found up-to-date module file ../../../Engine/Plugins/Runtime/CableComponent/Binaries/Win64/UE4Editor-CableComponent.dll (API version 3709383).
LogModuleManager: Display: Found up-to-date module file ../../../Engine/Plugins/Runtime/CustomMeshComponent/Binaries/Win64/UE4Editor-CustomMeshComponent.dll (API version 3709383).
LogModuleManager: Display: Found up-to-date module file ../../../Engine/Plugins/Runtime/ExampleDeviceProfileSelector/Binaries/Win64/UE4Editor-ExampleDeviceProfileSelector.dll (API version 3709383).
LogModuleManager: Display: Found up-to-date module file ../../../Engine/Plugins/Runtime/ImmediatePhysics/Binaries/Win64/UE4Editor-ImmediatePhysics.dll (API version 3709383).
LogModuleManager: Display: Found up-to-date module file ../../../Engine/Plugins/Runtime/ImmediatePhysics/Binaries/Win64/UE4Editor-ImmediatePhysicsEditor.dll (API version 3709383).
LogModuleManager: Display: Found up-to-date module file ../../../Engine/Plugins/Runtime/LocationServicesBPLibrary/Binaries/Win64/UE4Editor-LocationServicesBPLibrary.dll (API version 3709383).
LogModuleManager: Display: Found up-to-date module file ../../../Engine/Plugins/Runtime/MobilePatchingUtils/Binaries/Win64/UE4Editor-MobilePatchingUtils.dll (API version 3709383).
LogModuleManager: Display: Found up-to-date module file ../../../Engine/Plugins/Runtime/Oculus/OculusVR/Binaries/Win64/UE4Editor-OculusHMD.dll (API version 3709383).
LogModuleManager: Display: Found up-to-date module file ../../../Engine/Plugins/Runtime/Oculus/OculusVR/Binaries/Win64/UE4Editor-OculusInput.dll (API version 3709383).
LogModuleManager: Display: Found up-to-date module file ../../../Engine/Plugins/Runtime/Oculus/OculusVR/Binaries/Win64/UE4Editor-OculusEditor.dll (API version 3709383).
LogModuleManager: Display: Found up-to-date module file ../../../Engine/Plugins/Runtime/PhysXVehicles/Binaries/Win64/UE4Editor-PhysXVehicles.dll (API version 3709383).
LogModuleManager: Display: Found up-to-date module file ../../../Engine/Plugins/Runtime/PhysXVehicles/Binaries/Win64/UE4Editor-PhysXVehiclesEditor.dll (API version 3709383).
LogModuleManager: Display: Found up-to-date module file ../../../Engine/Plugins/Runtime/ProceduralMeshComponent/Binaries/Win64/UE4Editor-ProceduralMeshComponent.dll (API version 3709383).
LogModuleManager: Display: Found up-to-date module file ../../../Engine/Plugins/Runtime/ProceduralMeshComponent/Binaries/Win64/UE4Editor-ProceduralMeshComponentEditor.dll (API version 3709383).
LogModuleManager: Display: Found up-to-date module file ../../../Engine/Plugins/Runtime/RuntimePhysXCooking/Binaries/Win64/UE4Editor-RuntimePhysXCooking.dll (API version 3709383).
LogModuleManager: Display: Found up-to-date module file ../../../Engine/Plugins/Runtime/Steam/SteamVR/Binaries/Win64/UE4Editor-SteamVR.dll (API version 3709383).
LogModuleManager: Display: Found up-to-date module file ../../../Engine/Plugins/Runtime/Steam/SteamVR/Binaries/Win64/UE4Editor-SteamVRController.dll (API version 3709383).
LogModuleManager: Display: Found up-to-date module file ../../../Engine/Plugins/Runtime/WindowsMoviePlayer/Binaries/Win64/UE4Editor-WindowsMoviePlayer.dll (API version 3709383).
LogPluginManager: Mounting plugin Paper2D
LogPluginManager: Mounting plugin LightPropagationVolume
LogPluginManager: Mounting plugin CodeLiteSourceCodeAccess
LogPluginManager: Mounting plugin GitSourceControl
LogPluginManager: Mounting plugin KDevelopSourceCodeAccess
LogPluginManager: Mounting plugin NullSourceCodeAccess
LogPluginManager: Mounting plugin PerforceSourceControl
LogPluginManager: Mounting plugin SubversionSourceControl
LogPluginManager: Mounting plugin UObjectPlugin
LogPluginManager: Mounting plugin VisualStudioCodeSourceCodeAccess
LogPluginManager: Mounting plugin VisualStudioSourceCodeAccess
LogPluginManager: Mounting plugin XCodeSourceCodeAccess
LogPluginManager: Mounting plugin AssetManagerEditor
LogPluginManager: Mounting plugin AudioCapture
LogPluginManager: Mounting plugin FacialAnimation
LogPluginManager: Mounting plugin GameplayTagsEditor
LogPluginManager: Mounting plugin MobileLauncherProfileWizard
LogPluginManager: Mounting plugin PluginBrowser
LogPluginManager: Mounting plugin SpeedTreeImporter
LogPluginManager: Mounting plugin AlembicImporter
LogPluginManager: Mounting plugin CharacterAI
LogPluginManager: Mounting plugin HTML5Networking
LogPluginManager: Mounting plugin AndroidMedia
LogPluginManager: Mounting plugin AvfMedia
LogPluginManager: Mounting plugin ImgMedia
LogPluginManager: Mounting plugin MediaCompositing
LogPluginManager: Mounting plugin MediaPlayerEditor
LogPluginManager: Mounting plugin WmfMedia
LogPluginManager: Mounting plugin TcpMessaging
LogPluginManager: Mounting plugin UdpMessaging
LogPluginManager: Mounting plugin ActorSequence
LogPluginManager: Mounting plugin LevelSequenceEditor
LogPluginManager: Mounting plugin MatineeToLevelSequence
LogPluginManager: Mounting plugin OnlineSubsystem
LogPluginManager: Mounting plugin OnlineSubsystemNull
LogPluginManager: Mounting plugin OnlineSubsystemOculus
LogPluginManager: Mounting plugin OnlineSubsystemSteam
LogPluginManager: Mounting plugin OnlineSubsystemUtils
LogPluginManager: Mounting plugin AndroidMoviePlayer
LogPluginManager: Mounting plugin AndroidPermission
LogPluginManager: Mounting plugin AppleARKit
LogPluginManager: Mounting plugin AppleMoviePlayer
LogPluginManager: Mounting plugin ArchVisCharacter
LogPluginManager: Mounting plugin CableComponent
LogPluginManager: Mounting plugin CustomMeshComponent
LogPluginManager: Mounting plugin ExampleDeviceProfileSelector
LogPluginManager: Mounting plugin GoogleCloudMessaging
LogPluginManager: Mounting plugin ImmediatePhysics
LogPluginManager: Mounting plugin LocationServicesBPLibrary
LogPluginManager: Mounting plugin MobilePatchingUtils
LogPluginManager: Mounting plugin OculusAudio
LogPluginManager: Mounting plugin OculusVR
LogPluginManager: Plugin shader directory ../../../Engine/Plugins/Runtime/Oculus/OculusVR/Shaders found
LogPluginManager: Mapping shader source directory ../../../Engine/Plugins/Runtime/Oculus/OculusVR/Shaders to virtual directory /Plugin/OculusVR
LogPluginManager: Mounting plugin PhysXVehicles
LogPluginManager: Mounting plugin ProceduralMeshComponent
LogPluginManager: Mounting plugin RuntimePhysXCooking
LogPluginManager: Mounting plugin SteamVR
LogPluginManager: Mounting plugin WindowsMoviePlayer
LogInit: Using libcurl 7.47.1
LogInit:  - built for x86_64-pc-win32
LogInit:  - supports SSL with OpenSSL/1.0.2g
LogInit:  - supports HTTP deflate (compression) using libz 1.2.8
LogInit:  - other features:
LogInit:      CURL_VERSION_SSL
LogInit:      CURL_VERSION_LIBZ
LogInit:      CURL_VERSION_IPV6
LogInit:      CURL_VERSION_ASYNCHDNS
LogInit:      CURL_VERSION_LARGEFILE
LogInit:      CURL_VERSION_IDN
LogInit:  CurlRequestOptions (configurable via config and command line):
LogInit:  - bVerifyPeer = false  - Libcurl will NOT verify peer certificate
LogInit:  - bUseHttpProxy = false  - Libcurl will NOT use HTTP proxy
LogInit:  - bDontReuseConnections = false  - Libcurl will reuse connections
LogInit:  - CertBundlePath = nullptr  - Libcurl will use whatever was configured at build time.
LogOnline: Display: STEAM: Loading Steam SDK 1.39
LogOnline: Warning: STEAM: Steam API disabled!
LogOnline: Display: STEAM: OnlineSubsystemSteam::Shutdown()
LogInit: WinSock: version 1.1 (2.2), MaxSocks=32767, MaxUdp=65467
LogInit: Build: ++UE4+Release-4.18-CL-3832480
LogInit: Engine Version: 4.18.3-3832480+++UE4+Release-4.18
LogInit: Compatible Engine Version: 4.18.0-3709383+++UE4+Release-4.18
LogInit: Net CL: 3709383
LogDevObjectVersion: Number of dev versions registered: 16
LogDevObjectVersion:   Dev-Blueprints (B0D832E4-1F89-4F0D-ACCF-7EB736FD4AA2): 10
LogDevObjectVersion:   Dev-Build (E1C64328-A22C-4D53-A36C-8E866417BD8C): 0
LogDevObjectVersion:   Dev-Core (375EC13C-06E4-48FB-B500-84F0262A717E): 2
LogDevObjectVersion:   Dev-Editor (E4B068ED-F494-42E9-A231-DA0B2E46BB41): 20
LogDevObjectVersion:   Dev-Framework (CFFC743F-43B0-4480-9391-14DF171D2073): 30
LogDevObjectVersion:   Dev-Mobile (B02B49B5-BB20-44E9-A304-32B752E40360): 0
LogDevObjectVersion:   Dev-Networking (A4E4105C-59A1-49B5-A7C5-40C4547EDFEE): 0
LogDevObjectVersion:   Dev-Online (39C831C9-5AE6-47DC-9A44-9C173E1C8E7C): 0
LogDevObjectVersion:   Dev-Physics (78F01B33-EBEA-4F98-B9B4-84EACCB95AA2): 0
LogDevObjectVersion:   Dev-Platform (6631380F-2D4D-43E0-8009-CF276956A95A): 0
LogDevObjectVersion:   Dev-Rendering (12F88B9F-8875-4AFC-A67C-D90C383ABD29): 20
LogDevObjectVersion:   Dev-Sequencer (7B5AE74C-D270-4C10-A958-57980B212A5A): 4
LogDevObjectVersion:   Dev-VR (D7296918-1DD6-4BDD-9DE2-64A83CC13884): 0
LogDevObjectVersion:   Dev-LoadTimes (C2A15278-BFE7-4AFE-6C17-90FF531DF755): 1
LogDevObjectVersion:   Private-Geometry (6EACA3D4-40EC-4CC1-B786-8BED09428FC5): 1
LogDevObjectVersion:   Dev-AnimPhys (29E575DD-E0A3-4627-9D10-D276232CDCEA): 12
LogInit: Compiled (64-bit): Jan 12 2018 02:04:55
LogInit: Compiled with Visual C++: 19.00.24215.01
LogInit: Build Configuration: Development
LogInit: Branch Name: ++UE4+Release-4.18
LogInit: Command line:  
LogInit: Base directory: D:/UE_4.18/Engine/Binaries/Win64/
LogInit: Installed Engine Build: 1
LogInit: Presizing for max 8388607 objects, including 0 objects not considered by GC, pre-allocating 0 bytes for permanent pool.
LogInit: Object subsystem initialized
[2018.03.27-01.06.23:980][  0]LogInit: Selected Device Profile: [Windows]
[2018.03.27-01.06.23:980][  0]LogInit: Applying CVar settings loaded from the selected device profile: [Windows]
[2018.03.27-01.06.24:081][  0]LogInit: Computer: DESKTOP-L4G5N0U
[2018.03.27-01.06.24:081][  0]LogInit: User: Ryan
[2018.03.27-01.06.24:081][  0]LogInit: CPU Page size=4096, Cores=4
[2018.03.27-01.06.24:081][  0]LogInit: High frequency timer resolution =2.648436 MHz
[2018.03.27-01.06.24:081][  0]LogMemory: Memory total: Physical=7.9GB (8GB approx)
[2018.03.27-01.06.24:082][  0]LogMemory: Platform Memory Stats for Windows
[2018.03.27-01.06.24:082][  0]LogMemory: Process Physical Memory: 275.82 MB used, 275.82 MB peak
[2018.03.27-01.06.24:082][  0]LogMemory: Process Virtual Memory: 265.05 MB used, 265.05 MB peak
[2018.03.27-01.06.24:082][  0]LogMemory: Physical Memory: 4382.58 MB used,  3734.31 MB free, 8116.89 MB total
[2018.03.27-01.06.24:082][  0]LogMemory: Virtual Memory: 681.45 MB used,  3734.31 MB free, 134217728.00 MB total
[2018.03.27-01.06.24:913][  0]LogInit: Using OS detected language (en-US).
[2018.03.27-01.06.24:913][  0]LogInit: Using OS detected locale (en-NZ).
[2018.03.27-01.06.25:156][  0]LogTextLocalizationManager: No specific localization for 'en-US' exists, so the 'en' localization will be used.
[2018.03.27-01.06.25:829][  0]LogInit: Setting process to per monitor DPI aware
[2018.03.27-01.06.30:149][  0]LogD3D11RHI: D3D11 adapters:
[2018.03.27-01.06.30:204][  0]LogD3D11RHI:    0. 'NVIDIA GeForce GTX 970' (Feature Level 11_0)
[2018.03.27-01.06.30:204][  0]LogD3D11RHI:       4058/0/4058 MB DedicatedVideo/DedicatedSystem/SharedSystem, Outputs:1, VendorId:0x10de
[2018.03.27-01.06.30:206][  0]LogD3D11RHI:    1. 'Microsoft Basic Render Driver' (Feature Level 11_0)
[2018.03.27-01.06.30:206][  0]LogD3D11RHI:       0/0/4058 MB DedicatedVideo/DedicatedSystem/SharedSystem, Outputs:0, VendorId:0x1414
[2018.03.27-01.06.30:206][  0]LogD3D11RHI: Chosen D3D11 Adapter: 0
[2018.03.27-01.06.30:212][  0]LogD3D11RHI: Creating new Direct3DDevice
[2018.03.27-01.06.30:213][  0]LogD3D11RHI:     GPU DeviceId: 0x13c2 (for the marketing name, search the web for "GPU Device Id")
[2018.03.27-01.06.30:213][  0]LogWindows: EnumDisplayDevices:
[2018.03.27-01.06.30:213][  0]LogWindows:    0. 'NVIDIA GeForce GTX 970' (P:1 D:1)
[2018.03.27-01.06.30:213][  0]LogWindows:    1. 'NVIDIA GeForce GTX 970' (P:0 D:0)
[2018.03.27-01.06.30:213][  0]LogWindows:    2. 'NVIDIA GeForce GTX 970' (P:0 D:0)
[2018.03.27-01.06.30:213][  0]LogWindows:    3. 'NVIDIA GeForce GTX 970' (P:0 D:0)
[2018.03.27-01.06.30:214][  0]LogWindows: DebugString: GetVideoDriverDetailsInvalid PrimaryIsNotTheChoosenAdapter GetVideoDriverDetailsInvalid PrimaryIsNotTheChoosenAdapter GetVideoDriverDetailsInvalid PrimaryIsNotTheChoosenAdapter GetVideoDriverDetailsInvalid PrimaryIsNotTheChoosenAdapter FoundDriverCount:0 
[2018.03.27-01.06.30:214][  0]LogD3D11RHI:     Adapter Name: NVIDIA GeForce GTX 970
[2018.03.27-01.06.30:214][  0]LogD3D11RHI:   Driver Version: Unknown (internal:Unknown, unified:Unknown)
[2018.03.27-01.06.30:214][  0]LogD3D11RHI:      Driver Date: Unknown
[2018.03.27-01.06.30:214][  0]LogRHI: Texture pool is 2840 MB (70% of 4058 MB)
[2018.03.27-01.06.30:245][  0]LogD3D11RHI: Async texture creation enabled
[2018.03.27-01.06.30:512][  0]LogD3D11RHI: GPU Timing Frequency: 1000.000000 (Debug: 2 1)
[2018.03.27-01.06.30:613][  0]LogShaderCompilers: Guid format shader working directory is 0 characters bigger than the processId version (C:/Users/Ryan/Desktop/ProteusTemplate-master/Intermediate/Shaders/WorkingDirectory/14624/).
[2018.03.27-01.06.30:613][  0]LogShaderCompilers: Cleaned the shader compiler working directory 'C:/Users/Ryan/AppData/Local/Temp/UnrealShaderWorkingDir/463F63CA4C42CF24F94B54B3FA34E053/'.
[2018.03.27-01.06.30:633][  0]LogShaderCompilers: Display: Using Local Shader Compiler.
[2018.03.27-01.06.35:571][  0]LogTemp: Display: Loaded TP AllDesktopTargetPlatform
[2018.03.27-01.06.35:633][  0]LogTemp: Display: Loaded TP MacClientTargetPlatform
[2018.03.27-01.06.35:685][  0]LogTemp: Display: Loaded TP MacNoEditorTargetPlatform
[2018.03.27-01.06.35:740][  0]LogTemp: Display: Loaded TP MacServerTargetPlatform
[2018.03.27-01.06.35:846][  0]LogTemp: Display: Loaded TP MacTargetPlatform
[2018.03.27-01.06.35:899][  0]LogTemp: Display: Loaded TP WindowsClientTargetPlatform
[2018.03.27-01.06.35:954][  0]LogTemp: Display: Loaded TP WindowsNoEditorTargetPlatform
[2018.03.27-01.06.36:004][  0]LogTemp: Display: Loaded TP WindowsServerTargetPlatform
[2018.03.27-01.06.36:047][  0]LogTemp: Display: Loaded TP WindowsTargetPlatform
[2018.03.27-01.06.36:096][  0]LogTemp: Display: Loaded TP Android_ASTCTargetPlatform
[2018.03.27-01.06.36:152][  0]LogTemp: Display: Loaded TP Android_ATCTargetPlatform
[2018.03.27-01.06.36:201][  0]LogTemp: Display: Loaded TP Android_DXTTargetPlatform
[2018.03.27-01.06.36:251][  0]LogTemp: Display: Loaded TP Android_ETC1TargetPlatform
[2018.03.27-01.06.36:302][  0]LogTemp: Display: Loaded TP Android_ETC2TargetPlatform
[2018.03.27-01.06.36:403][  0]LogTemp: Display: Loaded TP Android_MultiTargetPlatform
[2018.03.27-01.06.36:403][  0]LogTemp: Display: Loaded TP Android_PVRTCTargetPlatform
[2018.03.27-01.06.36:476][  0]LogTemp: Display: Loaded TP AndroidTargetPlatform
[2018.03.27-01.06.36:514][  0]LogTemp: Display: Loaded TP HTML5TargetPlatform
[2018.03.27-01.06.36:730][  0]LogTemp: Display: Loaded TP IOSTargetPlatform
[2018.03.27-01.06.36:762][  0]LogTemp: Display: Loaded TP TVOSTargetPlatform
[2018.03.27-01.06.36:813][  0]LogTemp: Display: Loaded TP LinuxClientTargetPlatform
[2018.03.27-01.06.36:862][  0]LogTemp: Display: Loaded TP LinuxNoEditorTargetPlatform
[2018.03.27-01.06.36:912][  0]LogTemp: Display: Loaded TP LinuxServerTargetPlatform
[2018.03.27-01.06.36:978][  0]LogTemp: Display: Loaded TP LinuxTargetPlatform
[2018.03.27-01.06.36:979][  0]LogTargetPlatformManager: Display: Building Assets For Windows
[2018.03.27-01.06.38:240][  0]LogDerivedDataCache: Display: Max Cache Size: 512 MB
[2018.03.27-01.06.38:240][  0]LogDerivedDataCache: Display: Starting with empty Boot cache
[2018.03.27-01.06.38:240][  0]LogDerivedDataCache: FDerivedDataBackendGraph:  Pak pak cache file C:/Users/Ryan/Desktop/ProteusTemplate-master/DerivedDataCache/DDC.ddp not found, will not use a pak cache.
[2018.03.27-01.06.38:240][  0]LogDerivedDataCache: Unable to find inner node Pak for hierarchical cache Hierarchy.
[2018.03.27-01.06.38:240][  0]LogDerivedDataCache: FDerivedDataBackendGraph:  CompressedPak pak cache file C:/Users/Ryan/Desktop/ProteusTemplate-master/DerivedDataCache/Compressed.ddp not found, will not use a pak cache.
[2018.03.27-01.06.38:240][  0]LogDerivedDataCache: Unable to find inner node CompressedPak for hierarchical cache Hierarchy.
[2018.03.27-01.06.38:334][  0]LogDerivedDataCache: Display: Pak cache opened for reading ../../../Engine/DerivedDataCache/Compressed.ddp.
[2018.03.27-01.06.38:347][  0]LogDerivedDataCache: Using Local data cache path C:/Users/Ryan/AppData/Local/UnrealEngine/Common/DerivedDataCache: Writable
[2018.03.27-01.06.38:351][  0]LogMaterial: Verifying Global Shaders for PCD3D_SM5
[2018.03.27-01.06.40:628][  0]LogSlate: Using Freetype 2.6.0
[2018.03.27-01.06.40:769][  0]LogSlate: SlateFontCache - WITH_FREETYPE: 1, WITH_HARFBUZZ: 1
[2018.03.27-01.06.40:773][  0]LogSlate: SlateFontCache - WITH_FREETYPE: 1, WITH_HARFBUZZ: 1
[2018.03.27-01.06.50:736][  0]LogInit: Selected Device Profile: [Windows]
[2018.03.27-01.06.51:960][  0]LogMaterial: Missing cached shader map for material WorldGridMaterial, compiling. Is special engine material.
[2018.03.27-01.15.13:702][  0]LogMaterial: Missing cached shader map for material DefaultDeferredDecalMaterial, compiling. 
[2018.03.27-01.17.46:719][  0]LogMaterial: Missing cached shader map for material DefaultLightFunctionMaterial, compiling. 
[2018.03.27-01.18.05:141][  0]LogMaterial: Missing cached shader map for material DefaultPostProcessMaterial, compiling. 
[2018.03.27-01.18.21:724][  0]LogMaterial: Missing cached shader map for material MatineeCam_mat, compiling. 
[2018.03.27-01.18.22:314][  0]LogSimplygon: Simplygon DLL not present - disabling.
[2018.03.27-01.18.22:377][  0]LogMeshReduction: Using SimplygonSwarm for distributed automatic mesh merging
[2018.03.27-01.18.22:386][  0]LogMeshReduction: Using QuadricMeshReduction for automatic static mesh reduction
[2018.03.27-01.18.22:394][  0]LogMeshReduction: No automatic skeletal mesh reduction module available
[2018.03.27-01.18.22:394][  0]LogMeshReduction: No automatic mesh merging module available
[2018.03.27-01.18.22:394][  0]LogMeshMerging: No automatic mesh merging module available
[2018.03.27-01.18.23:377][  0]LogNetVersion: Proteus , NetCL: 3709383, EngineNetVer: 2, GameNetVer: 0 (Checksum: 4134815838)
[2018.03.27-01.18.23:898][  0]LogMaterial: Missing cached shader map for material HelpActorMaterial, compiling. 
[2018.03.27-01.18.25:289][  0]LogMaterial: Missing cached shader map for material DefaultTextMaterialOpaque, compiling. 
[2018.03.27-01.18.26:212][  0]LogAssetRegistry: FAssetRegistry took 0.0513 seconds to start up
[2018.03.27-01.18.26:709][  0]LogMaterial: Missing cached shader map for material Main, compiling. 
[2018.03.27-01.18.26:737][  0]LogMaterial: Missing cached shader map for material Xray, compiling. 
[2018.03.27-01.18.28:285][  0]LogMaterial: Missing cached shader map for material SnapGridMaterial, compiling. 
[2018.03.27-01.18.28:327][  0]LogMaterial: Missing cached shader map for material TranslucentTransformGizmoMaterial, compiling. 
[2018.03.27-01.18.28:399][  0]LogMaterial: Missing cached shader map for material TransformGizmoMaterial, compiling. 
[2018.03.27-01.18.29:741][  0]LogMaterial: Missing cached shader map for material CineMat, compiling. 
[2018.03.27-01.18.30:462][  0]LogMaterial: Missing cached shader map for material M_SimpleOpaque, compiling. 
[2018.03.27-01.18.30:680][  0]LogMaterial: Missing cached shader map for material M_SimpleTranslucent, compiling. 
[2018.03.27-01.18.31:726][  0]LogMaterial: Missing cached shader map for material Widget3DPassThrough, compiling. 
[2018.03.27-01.18.31:786][  0]LogMaterial: Missing cached shader map for material Widget3DPassThrough, compiling. 
[2018.03.27-01.18.31:841][  0]LogMaterial: Missing cached shader map for material Widget3DPassThrough, compiling. 
[2018.03.27-01.18.31:863][  0]LogMaterial: Missing cached shader map for material Widget3DPassThrough, compiling. 
[2018.03.27-01.18.31:902][  0]LogMaterial: Missing cached shader map for material Widget3DPassThrough, compiling. 
[2018.03.27-01.18.31:933][  0]LogMaterial: Missing cached shader map for material Widget3DPassThrough, compiling. 
[2018.03.27-01.18.33:689][  0]LogMaterial: Missing cached shader map for material SkySphereMaterial, compiling. 
[2018.03.27-01.18.33:895][  0]LogMaterial: Missing cached shader map for material FloorPlaneMaterial, compiling. 
[2018.03.27-01.18.34:929][  0]LogMaterial: Missing cached shader map for material LandscapeGizmo_Mat, compiling. 
[2018.03.27-01.18.35:012][  0]LogMaterial: Missing cached shader map for material LandscapeGizmoHeight_Mat, compiling. 
[2018.03.27-01.18.35:253][  0]LogMaterial: Missing cached shader map for material SplineEditorMeshMat, compiling. 
[2018.03.27-01.18.35:417][  0]LogMaterial: Missing cached shader map for material ARKitCameraMaterial, compiling. 
[2018.03.27-01.18.35:706][  0]LogMaterial: Missing cached shader map for material GearVRControllerMaterial, compiling. 
[2018.03.27-01.18.36:127][  0]LogPackageLocalizationCache: Processed 7 localized package path(s) for 2 prioritized culture(s) in 0.200213 seconds
[2018.03.27-01.18.36:218][  0]LogUObjectArray: 35877 objects as part of root set at end of initial load.
[2018.03.27-01.18.36:219][  0]LogUObjectAllocator: 7577632 out of 0 bytes used by permanent object pool.
[2018.03.27-01.18.36:219][  0]LogUObjectArray: CloseDisregardForGC: 0/0 objects in disregard for GC pool
